\BOOKMARK [1][-]{section*.1}{\376\377\000S\000E\000C\000T\000I\000O\000N\000S}{}% 1
\BOOKMARK [1][-]{section*.2}{\376\377\000M\000A\000G\000A\000Z\000I\000N\000E\000\040\000S\000T\000Y\000L\000E}{}% 2
\BOOKMARK [2][-]{section*.3}{\376\377\000A\000c\000r\000o\000n\000y\000m\000s\000\040\000a\000n\000d\000\040\000A\000b\000b\000r\000e\000v\000i\000a\000t\000i\000o\000n\000s}{section*.2}% 3
\BOOKMARK [2][-]{section*.4}{\376\377\000N\000u\000m\000b\000e\000r\000s}{section*.2}% 4
\BOOKMARK [1][-]{section*.5}{\376\377\000M\000A\000T\000H\000\040\000A\000N\000D\000\040\000E\000Q\000U\000A\000T\000I\000O\000N\000S}{}% 5
\BOOKMARK [1][-]{section*.6}{\376\377\000L\000I\000S\000T\000S}{}% 6
\BOOKMARK [1][-]{section*.7}{\376\377\000G\000R\000A\000P\000H\000I\000C\000A\000L\000\040\000A\000B\000S\000T\000R\000A\000C\000T\000S}{}% 7
\BOOKMARK [1][-]{section*.8}{\376\377\000F\000I\000G\000U\000R\000E\000S\000\040\000A\000N\000D\000\040\000T\000A\000B\000L\000E\000S}{}% 8
\BOOKMARK [2][-]{section*.9}{\376\377\000I\000n\000-\000T\000e\000x\000t\000\040\000C\000a\000l\000l\000o\000u\000t\000s\000\040\000f\000o\000r\000\040\000F\000i\000g\000u\000r\000e\000s\000\040\000a\000n\000d\000\040\000T\000a\000b\000l\000e\000s}{section*.8}% 9
\BOOKMARK [1][-]{section*.10}{\376\377\000E\000N\000D\000\040\000S\000E\000C\000T\000I\000O\000N\000S}{}% 10
\BOOKMARK [2][-]{section*.11}{\376\377\000A\000p\000p\000e\000n\000d\000i\000c\000e\000s}{section*.10}% 11
\BOOKMARK [2][-]{section*.12}{\376\377\000A\000c\000k\000n\000o\000w\000l\000e\000d\000g\000m\000e\000n\000t}{section*.10}% 12
\BOOKMARK [2][-]{section*.13}{\376\377\000R\000e\000f\000e\000r\000e\000n\000c\000e\000s}{section*.10}% 13
\BOOKMARK [1][-]{section*.14}{\376\377\000C\000O\000N\000C\000L\000U\000S\000I\000O\000N}{}% 14
\BOOKMARK [1][-]{section*.15}{\376\377\000A\000C\000K\000N\000O\000W\000L\000E\000D\000G\000M\000E\000N\000T\000S}{}% 15
\BOOKMARK [1][-]{section*.16}{\376\377\000R\000E\000F\000E\000R\000E\000N\000C\000E\000S}{}% 16
\BOOKMARK [1][-]{IEEEbiography.0}{\376\377\000B\000i\000o\000g\000r\000a\000p\000h\000i\000e\000s}{}% 17
\BOOKMARK [2][-]{IEEEbiography.1}{\376\377\000F\000i\000r\000s\000t\000\040\000A\000.\000\040\000A\000u\000t\000h\000o\000r}{IEEEbiography.0}% 18
\BOOKMARK [2][-]{IEEEbiography.2}{\376\377\000S\000e\000c\000o\000n\000d\000\040\000B\000.\000\040\000A\000u\000t\000h\000o\000r\000,\000\040\000J\000r\000.\000,}{IEEEbiography.0}% 19
\BOOKMARK [2][-]{IEEEbiography.3}{\376\377\000T\000h\000i\000r\000d\000\040\000C\000.\000\040\000A\000u\000t\000h\000o\000r\000,\000\040\000I\000I\000I\000,}{IEEEbiography.0}% 20
